#
# There is insufficient memory for the Java Runtime Environment to continue.
# Native memory allocation (malloc) failed to allocate 1145776 bytes for Chunk::new
# Possible reasons:
#   The system is out of physical RAM or swap space
#   The process is running with CompressedOops enabled, and the Java Heap may be blocking the growth of the native heap
# Possible solutions:
#   Reduce memory load on the system
#   Increase physical memory or swap space
#   Check if swap backing store is full
#   Decrease Java heap size (-Xmx/-Xms)
#   Decrease number of Java threads
#   Decrease Java thread stack sizes (-Xss)
#   Set larger code cache with -XX:ReservedCodeCacheSize=
#   JVM is running with Zero Based Compressed Oops mode in which the Java heap is
#     placed in the first 32GB address space. The Java Heap base address is the
#     maximum limit for the native heap growth. Please use -XX:HeapBaseMinAddress
#     to set the Java Heap base and to place the Java Heap above 32GB virtual address.
# This output file may be truncated or incomplete.
#
#  Out of Memory Error (arena.cpp:168), pid=46520, tid=32572
#
# JRE version: Java(TM) SE Runtime Environment (21.0.2+13) (build 21.0.2+13-LTS-58)
# Java VM: Java HotSpot(TM) 64-Bit Server VM (21.0.2+13-LTS-58, mixed mode, sharing, tiered, compressed oops, compressed class ptrs, g1 gc, windows-amd64)
# No core dump will be written. Minidumps are not enabled by default on client versions of Windows
#

---------------  S U M M A R Y ------------

Command Line: -Dfile.encoding=UTF-8 --module-path=C:\Users\Dell G15\Desktop\JavaProject\ThaiTourismTrails_QuizAdventure\build\classes quiz.appication.Score

Host: AMD Ryzen 7 6800H with Radeon Graphics         , 16 cores, 15G,  Windows 11 , 64 bit Build 22621 (10.0.22621.3235)
Time: Thu Mar 14 02:01:53 2024 SE Asia Standard Time elapsed time: 1.185063 seconds (0d 0h 0m 1s)

---------------  T H R E A D  ---------------

Current thread (0x00000262ffb8f620):  JavaThread "C2 CompilerThread0" daemon [_thread_in_native, id=32572, stack(0x0000007b11900000,0x0000007b11a00000) (1024K)]


Current CompileTask:
C2:   1185 1354       4       sun.font.TrueTypeFont::initAllNames (182 bytes)

Stack: [0x0000007b11900000,0x0000007b11a00000]
Native frames: (J=compiled Java code, j=interpreted, Vv=VM code, C=native code)
V  [jvm.dll+0x6cade9]
V  [jvm.dll+0x8569c1]
V  [jvm.dll+0x858d2e]
V  [jvm.dll+0x859413]
V  [jvm.dll+0x280e56]
V  [jvm.dll+0xc3f3d]
V  [jvm.dll+0xc4473]
V  [jvm.dll+0x3b5c2c]
V  [jvm.dll+0x382855]
V  [jvm.dll+0x381cca]
V  [jvm.dll+0x249bd0]
V  [jvm.dll+0x2491b1]
V  [jvm.dll+0x1c9634]
V  [jvm.dll+0x258859]
V  [jvm.dll+0x256e3a]
V  [jvm.dll+0x3ef6c6]
V  [jvm.dll+0x7ff568]
V  [jvm.dll+0x6c953d]
C  [ucrtbase.dll+0x29363]
C  [KERNEL32.DLL+0x1257d]
C  [ntdll.dll+0x5aa58]


---------------  P R O C E S S  ---------------

Threads class SMR info:
_java_thread_list=0x00000262da9884f0, length=21, elements={
0x00000262ffb84680, 0x00000262ffb85550, 0x00000262ffb88610, 0x00000262ffb89220,
0x00000262ffb89e30, 0x00000262ffb8ab70, 0x00000262ffb8f620, 0x00000262ffb9a3d0,
0x00000262da0ae3f0, 0x00000262da0e5400, 0x00000262da21a640, 0x00000262da10cdb0,
0x00000262da35b310, 0x00000262da368870, 0x00000262daa92760, 0x00000262da944500,
0x00000262da946bc0, 0x00000262da984650, 0x00000262da836880, 0x00000262dabdd940,
0x00000262f4f19730
}

Java Threads: ( => current thread )
  0x00000262ffb84680 JavaThread "Reference Handler"          daemon [_thread_blocked, id=34520, stack(0x0000007b11300000,0x0000007b11400000) (1024K)]
  0x00000262ffb85550 JavaThread "Finalizer"                  daemon [_thread_blocked, id=17816, stack(0x0000007b11400000,0x0000007b11500000) (1024K)]
  0x00000262ffb88610 JavaThread "Signal Dispatcher"          daemon [_thread_blocked, id=42180, stack(0x0000007b11500000,0x0000007b11600000) (1024K)]
  0x00000262ffb89220 JavaThread "Attach Listener"            daemon [_thread_blocked, id=43072, stack(0x0000007b11600000,0x0000007b11700000) (1024K)]
  0x00000262ffb89e30 JavaThread "Service Thread"             daemon [_thread_blocked, id=45684, stack(0x0000007b11700000,0x0000007b11800000) (1024K)]
  0x00000262ffb8ab70 JavaThread "Monitor Deflation Thread"   daemon [_thread_blocked, id=38188, stack(0x0000007b11800000,0x0000007b11900000) (1024K)]
=>0x00000262ffb8f620 JavaThread "C2 CompilerThread0"         daemon [_thread_in_native, id=32572, stack(0x0000007b11900000,0x0000007b11a00000) (1024K)]
  0x00000262ffb9a3d0 JavaThread "C1 CompilerThread0"         daemon [_thread_blocked, id=46304, stack(0x0000007b11a00000,0x0000007b11b00000) (1024K)]
  0x00000262da0ae3f0 JavaThread "Common-Cleaner"             daemon [_thread_blocked, id=10456, stack(0x0000007b11b00000,0x0000007b11c00000) (1024K)]
  0x00000262da0e5400 JavaThread "C1 CompilerThread1"         daemon [_thread_blocked, id=15404, stack(0x0000007b11c00000,0x0000007b11d00000) (1024K)]
  0x00000262da21a640 JavaThread "Notification Thread"        daemon [_thread_blocked, id=25252, stack(0x0000007b11e00000,0x0000007b11f00000) (1024K)]
  0x00000262da10cdb0 JavaThread "Java2D Disposer"            daemon [_thread_blocked, id=14736, stack(0x0000007b11d00000,0x0000007b11e00000) (1024K)]
  0x00000262da35b310 JavaThread "AWT-Shutdown"                      [_thread_blocked, id=46236, stack(0x0000007b11f00000,0x0000007b12000000) (1024K)]
  0x00000262da368870 JavaThread "AWT-Windows"                daemon [_thread_in_native, id=42928, stack(0x0000007b12000000,0x0000007b12100000) (1024K)]
  0x00000262daa92760 JavaThread "Image Fetcher 0"            daemon [_thread_blocked, id=19564, stack(0x0000007b12100000,0x0000007b12200000) (1024K)]
  0x00000262da944500 JavaThread "C1 CompilerThread2"         daemon [_thread_blocked, id=19448, stack(0x0000007b12200000,0x0000007b12300000) (1024K)]
  0x00000262da946bc0 JavaThread "C1 CompilerThread3"         daemon [_thread_blocked, id=32672, stack(0x0000007b12300000,0x0000007b12400000) (1024K)]
  0x00000262da984650 JavaThread "C2 CompilerThread1"         daemon [_thread_blocked, id=25704, stack(0x0000007b12400000,0x0000007b12500000) (1024K)]
  0x00000262da836880 JavaThread "C2 CompilerThread2"         daemon [_thread_blocked, id=36900, stack(0x0000007b12500000,0x0000007b12600000) (1024K)]
  0x00000262dabdd940 JavaThread "AWT-EventQueue-0"                  [_thread_blocked, id=40992, stack(0x0000007b12600000,0x0000007b12700000) (1024K)]
  0x00000262f4f19730 JavaThread "DestroyJavaVM"                     [_thread_blocked, id=10700, stack(0x0000007b10b00000,0x0000007b10c00000) (1024K)]
Total: 21

Other Threads:
  0x00000262ffb6d690 VMThread "VM Thread"                           [id=7908, stack(0x0000007b11200000,0x0000007b11300000) (1024K)]
  0x00000262ffb54be0 WatcherThread "VM Periodic Task Thread"        [id=46396, stack(0x0000007b11100000,0x0000007b11200000) (1024K)]
  0x00000262f4f78b60 WorkerThread "GC Thread#0"                     [id=14288, stack(0x0000007b10c00000,0x0000007b10d00000) (1024K)]
  0x00000262e43db8d0 WorkerThread "GC Thread#1"                     [id=24468, stack(0x0000007b12700000,0x0000007b12800000) (1024K)]
  0x00000262dad8c430 WorkerThread "GC Thread#2"                     [id=39640, stack(0x0000007b12900000,0x0000007b12a00000) (1024K)]
  0x00000262e42abf30 WorkerThread "GC Thread#3"                     [id=4800, stack(0x0000007b12a00000,0x0000007b12b00000) (1024K)]
  0x00000262e42ad4f0 WorkerThread "GC Thread#4"                     [id=40472, stack(0x0000007b12b00000,0x0000007b12c00000) (1024K)]
  0x00000262e42aca10 WorkerThread "GC Thread#5"                     [id=45692, stack(0x0000007b12c00000,0x0000007b12d00000) (1024K)]
  0x00000262e42ad890 WorkerThread "GC Thread#6"                     [id=11672, stack(0x0000007b12d00000,0x0000007b12e00000) (1024K)]
  0x00000262e42ac2d0 WorkerThread "GC Thread#7"                     [id=46072, stack(0x0000007b12e00000,0x0000007b12f00000) (1024K)]
  0x00000262e42ac670 WorkerThread "GC Thread#8"                     [id=32208, stack(0x0000007b12f00000,0x0000007b13000000) (1024K)]
  0x00000262e42acdb0 WorkerThread "GC Thread#9"                     [id=20584, stack(0x0000007b13000000,0x0000007b13100000) (1024K)]
  0x00000262f4f89040 ConcurrentGCThread "G1 Main Marker"            [id=12724, stack(0x0000007b10d00000,0x0000007b10e00000) (1024K)]
  0x00000262f4f8a1e0 WorkerThread "G1 Conc#0"                       [id=42468, stack(0x0000007b10e00000,0x0000007b10f00000) (1024K)]
  0x00000262ffa24da0 ConcurrentGCThread "G1 Refine#0"               [id=31476, stack(0x0000007b10f00000,0x0000007b11000000) (1024K)]
  0x00000262ffa255c0 ConcurrentGCThread "G1 Service"                [id=7716, stack(0x0000007b11000000,0x0000007b11100000) (1024K)]
Total: 16

Threads with active compile tasks:
C2 CompilerThread0     1214 1354       4       sun.font.TrueTypeFont::initAllNames (182 bytes)
Total: 1

VM state: not at safepoint (normal execution)

VM Mutex/Monitor currently owned by a thread: None

Heap address: 0x000000070c200000, size: 3902 MB, Compressed Oops mode: Zero based, Oop shift amount: 3

CDS archive(s) mapped at: [0x0000026295000000-0x0000026295c90000-0x0000026295c90000), size 13172736, SharedBaseAddress: 0x0000026295000000, ArchiveRelocationMode: 1.
Compressed class space mapped at: 0x0000026296000000-0x00000262d6000000, reserved size: 1073741824
Narrow klass base: 0x0000026295000000, Narrow klass shift: 0, Narrow klass range: 0x100000000

GC Precious Log:
 CardTable entry size: 512
 Card Set container configuration: InlinePtr #cards 4 size 8 Array Of Cards #cards 16 size 48 Howl #buckets 8 coarsen threshold 3686 Howl Bitmap #cards 512 size 80 coarsen threshold 460 Card regions per heap region 1 cards per card region 4096
 CPUs: 16 total, 16 available
 Memory: 15603M
 Large Page Support: Disabled
 NUMA Support: Disabled
 Compressed Oops: Enabled (Zero based)
 Heap Region Size: 2M
 Heap Min Capacity: 8M
 Heap Initial Capacity: 244M
 Heap Max Capacity: 3902M
 Pre-touch: Disabled
 Parallel Workers: 13
 Concurrent Workers: 3
 Concurrent Refinement Workers: 13
 Periodic GC: Disabled

Heap:
 garbage-first heap   total 249856K, used 8833K [0x000000070c200000, 0x0000000800000000)
  region size 2048K, 3 young (6144K), 2 survivors (4096K)
 Metaspace       used 7561K, committed 7744K, reserved 1114112K
  class space    used 781K, committed 896K, reserved 1048576K

Heap Regions: E=young(eden), S=young(survivor), O=old, HS=humongous(starts), HC=humongous(continues), CS=collection set, F=free, TAMS=top-at-mark-start, PB=parsable bottom
|   0|0x000000070c200000, 0x000000070c400000, 0x000000070c400000|100%|HS|  |TAMS 0x000000070c200000| PB 0x000000070c200000| Complete 
|   1|0x000000070c400000, 0x000000070c600000, 0x000000070c600000|100%|HC|  |TAMS 0x000000070c400000| PB 0x000000070c400000| Complete 
|   2|0x000000070c600000, 0x000000070c6a0490, 0x000000070c800000| 31%| O|  |TAMS 0x000000070c600000| PB 0x000000070c600000| Untracked 
|   3|0x000000070c800000, 0x000000070c800000, 0x000000070ca00000|  0%| F|  |TAMS 0x000000070c800000| PB 0x000000070c800000| Untracked 
|   4|0x000000070ca00000, 0x000000070ca00000, 0x000000070cc00000|  0%| F|  |TAMS 0x000000070ca00000| PB 0x000000070ca00000| Untracked 
|   5|0x000000070cc00000, 0x000000070cc00000, 0x000000070ce00000|  0%| F|  |TAMS 0x000000070cc00000| PB 0x000000070cc00000| Untracked 
|   6|0x000000070ce00000, 0x000000070ce00000, 0x000000070d000000|  0%| F|  |TAMS 0x000000070ce00000| PB 0x000000070ce00000| Untracked 
|   7|0x000000070d000000, 0x000000070d000000, 0x000000070d200000|  0%| F|  |TAMS 0x000000070d000000| PB 0x000000070d000000| Untracked 
|   8|0x000000070d200000, 0x000000070d200000, 0x000000070d400000|  0%| F|  |TAMS 0x000000070d200000| PB 0x000000070d200000| Untracked 
|   9|0x000000070d400000, 0x000000070d400000, 0x000000070d600000|  0%| F|  |TAMS 0x000000070d400000| PB 0x000000070d400000| Untracked 
|  10|0x000000070d600000, 0x000000070d600000, 0x000000070d800000|  0%| F|  |TAMS 0x000000070d600000| PB 0x000000070d600000| Untracked 
|  11|0x000000070d800000, 0x000000070d800000, 0x000000070da00000|  0%| F|  |TAMS 0x000000070d800000| PB 0x000000070d800000| Untracked 
|  12|0x000000070da00000, 0x000000070da00000, 0x000000070dc00000|  0%| F|  |TAMS 0x000000070da00000| PB 0x000000070da00000| Untracked 
|  13|0x000000070dc00000, 0x000000070dc00000, 0x000000070de00000|  0%| F|  |TAMS 0x000000070dc00000| PB 0x000000070dc00000| Untracked 
|  14|0x000000070de00000, 0x000000070de00000, 0x000000070e000000|  0%| F|  |TAMS 0x000000070de00000| PB 0x000000070de00000| Untracked 
|  15|0x000000070e000000, 0x000000070e000000, 0x000000070e200000|  0%| F|  |TAMS 0x000000070e000000| PB 0x000000070e000000| Untracked 
|  16|0x000000070e200000, 0x000000070e200000, 0x000000070e400000|  0%| F|  |TAMS 0x000000070e200000| PB 0x000000070e200000| Untracked 
|  17|0x000000070e400000, 0x000000070e400000, 0x000000070e600000|  0%| F|  |TAMS 0x000000070e400000| PB 0x000000070e400000| Untracked 
|  18|0x000000070e600000, 0x000000070e600000, 0x000000070e800000|  0%| F|  |TAMS 0x000000070e600000| PB 0x000000070e600000| Untracked 
|  19|0x000000070e800000, 0x000000070e800000, 0x000000070ea00000|  0%| F|  |TAMS 0x000000070e800000| PB 0x000000070e800000| Untracked 
|  20|0x000000070ea00000, 0x000000070ea00000, 0x000000070ec00000|  0%| F|  |TAMS 0x000000070ea00000| PB 0x000000070ea00000| Untracked 
|  21|0x000000070ec00000, 0x000000070ec00000, 0x000000070ee00000|  0%| F|  |TAMS 0x000000070ec00000| PB 0x000000070ec00000| Untracked 
|  22|0x000000070ee00000, 0x000000070ee00000, 0x000000070f000000|  0%| F|  |TAMS 0x000000070ee00000| PB 0x000000070ee00000| Untracked 
|  23|0x000000070f000000, 0x000000070f000000, 0x000000070f200000|  0%| F|  |TAMS 0x000000070f000000| PB 0x000000070f000000| Untracked 
|  24|0x000000070f200000, 0x000000070f200000, 0x000000070f400000|  0%| F|  |TAMS 0x000000070f200000| PB 0x000000070f200000| Untracked 
|  25|0x000000070f400000, 0x000000070f400000, 0x000000070f600000|  0%| F|  |TAMS 0x000000070f400000| PB 0x000000070f400000| Untracked 
|  26|0x000000070f600000, 0x000000070f600000, 0x000000070f800000|  0%| F|  |TAMS 0x000000070f600000| PB 0x000000070f600000| Untracked 
|  27|0x000000070f800000, 0x000000070f800000, 0x000000070fa00000|  0%| F|  |TAMS 0x000000070f800000| PB 0x000000070f800000| Untracked 
|  28|0x000000070fa00000, 0x000000070fa00000, 0x000000070fc00000|  0%| F|  |TAMS 0x000000070fa00000| PB 0x000000070fa00000| Untracked 
|  29|0x000000070fc00000, 0x000000070fc00000, 0x000000070fe00000|  0%| F|  |TAMS 0x000000070fc00000| PB 0x000000070fc00000| Untracked 
|  30|0x000000070fe00000, 0x000000070fe00000, 0x0000000710000000|  0%| F|  |TAMS 0x000000070fe00000| PB 0x000000070fe00000| Untracked 
|  31|0x0000000710000000, 0x0000000710000000, 0x0000000710200000|  0%| F|  |TAMS 0x0000000710000000| PB 0x0000000710000000| Untracked 
|  32|0x0000000710200000, 0x0000000710200000, 0x0000000710400000|  0%| F|  |TAMS 0x0000000710200000| PB 0x0000000710200000| Untracked 
|  33|0x0000000710400000, 0x0000000710400000, 0x0000000710600000|  0%| F|  |TAMS 0x0000000710400000| PB 0x0000000710400000| Untracked 
|  34|0x0000000710600000, 0x0000000710600000, 0x0000000710800000|  0%| F|  |TAMS 0x0000000710600000| PB 0x0000000710600000| Untracked 
|  35|0x0000000710800000, 0x0000000710800000, 0x0000000710a00000|  0%| F|  |TAMS 0x0000000710800000| PB 0x0000000710800000| Untracked 
|  36|0x0000000710a00000, 0x0000000710a00000, 0x0000000710c00000|  0%| F|  |TAMS 0x0000000710a00000| PB 0x0000000710a00000| Untracked 
|  37|0x0000000710c00000, 0x0000000710c00000, 0x0000000710e00000|  0%| F|  |TAMS 0x0000000710c00000| PB 0x0000000710c00000| Untracked 
|  38|0x0000000710e00000, 0x0000000710e00000, 0x0000000711000000|  0%| F|  |TAMS 0x0000000710e00000| PB 0x0000000710e00000| Untracked 
|  39|0x0000000711000000, 0x0000000711000000, 0x0000000711200000|  0%| F|  |TAMS 0x0000000711000000| PB 0x0000000711000000| Untracked 
|  40|0x0000000711200000, 0x0000000711200000, 0x0000000711400000|  0%| F|  |TAMS 0x0000000711200000| PB 0x0000000711200000| Untracked 
|  41|0x0000000711400000, 0x0000000711400000, 0x0000000711600000|  0%| F|  |TAMS 0x0000000711400000| PB 0x0000000711400000| Untracked 
|  42|0x0000000711600000, 0x0000000711600000, 0x0000000711800000|  0%| F|  |TAMS 0x0000000711600000| PB 0x0000000711600000| Untracked 
|  43|0x0000000711800000, 0x0000000711800000, 0x0000000711a00000|  0%| F|  |TAMS 0x0000000711800000| PB 0x0000000711800000| Untracked 
|  44|0x0000000711a00000, 0x0000000711a00000, 0x0000000711c00000|  0%| F|  |TAMS 0x0000000711a00000| PB 0x0000000711a00000| Untracked 
|  45|0x0000000711c00000, 0x0000000711c00000, 0x0000000711e00000|  0%| F|  |TAMS 0x0000000711c00000| PB 0x0000000711c00000| Untracked 
|  46|0x0000000711e00000, 0x0000000711e00000, 0x0000000712000000|  0%| F|  |TAMS 0x0000000711e00000| PB 0x0000000711e00000| Untracked 
|  47|0x0000000712000000, 0x0000000712000000, 0x0000000712200000|  0%| F|  |TAMS 0x0000000712000000| PB 0x0000000712000000| Untracked 
|  48|0x0000000712200000, 0x0000000712200000, 0x0000000712400000|  0%| F|  |TAMS 0x0000000712200000| PB 0x0000000712200000| Untracked 
|  49|0x0000000712400000, 0x0000000712400000, 0x0000000712600000|  0%| F|  |TAMS 0x0000000712400000| PB 0x0000000712400000| Untracked 
|  50|0x0000000712600000, 0x0000000712600000, 0x0000000712800000|  0%| F|  |TAMS 0x0000000712600000| PB 0x0000000712600000| Untracked 
|  51|0x0000000712800000, 0x0000000712800000, 0x0000000712a00000|  0%| F|  |TAMS 0x0000000712800000| PB 0x0000000712800000| Untracked 
|  52|0x0000000712a00000, 0x0000000712a00000, 0x0000000712c00000|  0%| F|  |TAMS 0x0000000712a00000| PB 0x0000000712a00000| Untracked 
|  53|0x0000000712c00000, 0x0000000712c00000, 0x0000000712e00000|  0%| F|  |TAMS 0x0000000712c00000| PB 0x0000000712c00000| Untracked 
|  54|0x0000000712e00000, 0x0000000712e00000, 0x0000000713000000|  0%| F|  |TAMS 0x0000000712e00000| PB 0x0000000712e00000| Untracked 
|  55|0x0000000713000000, 0x0000000713000000, 0x0000000713200000|  0%| F|  |TAMS 0x0000000713000000| PB 0x0000000713000000| Untracked 
|  56|0x0000000713200000, 0x0000000713200000, 0x0000000713400000|  0%| F|  |TAMS 0x0000000713200000| PB 0x0000000713200000| Untracked 
|  57|0x0000000713400000, 0x0000000713400000, 0x0000000713600000|  0%| F|  |TAMS 0x0000000713400000| PB 0x0000000713400000| Untracked 
|  58|0x0000000713600000, 0x0000000713600000, 0x0000000713800000|  0%| F|  |TAMS 0x0000000713600000| PB 0x0000000713600000| Untracked 
|  59|0x0000000713800000, 0x0000000713800000, 0x0000000713a00000|  0%| F|  |TAMS 0x0000000713800000| PB 0x0000000713800000| Untracked 
|  60|0x0000000713a00000, 0x0000000713a00000, 0x0000000713c00000|  0%| F|  |TAMS 0x0000000713a00000| PB 0x0000000713a00000| Untracked 
|  61|0x0000000713c00000, 0x0000000713c00000, 0x0000000713e00000|  0%| F|  |TAMS 0x0000000713c00000| PB 0x0000000713c00000| Untracked 
|  62|0x0000000713e00000, 0x0000000713e00000, 0x0000000714000000|  0%| F|  |TAMS 0x0000000713e00000| PB 0x0000000713e00000| Untracked 
|  63|0x0000000714000000, 0x0000000714000000, 0x0000000714200000|  0%| F|  |TAMS 0x0000000714000000| PB 0x0000000714000000| Untracked 
|  64|0x0000000714200000, 0x0000000714200000, 0x0000000714400000|  0%| F|  |TAMS 0x0000000714200000| PB 0x0000000714200000| Untracked 
|  65|0x0000000714400000, 0x0000000714400000, 0x0000000714600000|  0%| F|  |TAMS 0x0000000714400000| PB 0x0000000714400000| Untracked 
|  66|0x0000000714600000, 0x0000000714600000, 0x0000000714800000|  0%| F|  |TAMS 0x0000000714600000| PB 0x0000000714600000| Untracked 
|  67|0x0000000714800000, 0x0000000714800000, 0x0000000714a00000|  0%| F|  |TAMS 0x0000000714800000| PB 0x0000000714800000| Untracked 
|  68|0x0000000714a00000, 0x0000000714a00000, 0x0000000714c00000|  0%| F|  |TAMS 0x0000000714a00000| PB 0x0000000714a00000| Untracked 
|  69|0x0000000714c00000, 0x0000000714c00000, 0x0000000714e00000|  0%| F|  |TAMS 0x0000000714c00000| PB 0x0000000714c00000| Untracked 
|  70|0x0000000714e00000, 0x0000000714e00000, 0x0000000715000000|  0%| F|  |TAMS 0x0000000714e00000| PB 0x0000000714e00000| Untracked 
|  71|0x0000000715000000, 0x0000000715000000, 0x0000000715200000|  0%| F|  |TAMS 0x0000000715000000| PB 0x0000000715000000| Untracked 
|  72|0x0000000715200000, 0x0000000715200000, 0x0000000715400000|  0%| F|  |TAMS 0x0000000715200000| PB 0x0000000715200000| Untracked 
|  73|0x0000000715400000, 0x0000000715400000, 0x0000000715600000|  0%| F|  |TAMS 0x0000000715400000| PB 0x0000000715400000| Untracked 
|  74|0x0000000715600000, 0x0000000715600000, 0x0000000715800000|  0%| F|  |TAMS 0x0000000715600000| PB 0x0000000715600000| Untracked 
|  75|0x0000000715800000, 0x0000000715800000, 0x0000000715a00000|  0%| F|  |TAMS 0x0000000715800000| PB 0x0000000715800000| Untracked 
|  76|0x0000000715a00000, 0x0000000715a00000, 0x0000000715c00000|  0%| F|  |TAMS 0x0000000715a00000| PB 0x0000000715a00000| Untracked 
|  77|0x0000000715c00000, 0x0000000715c00000, 0x0000000715e00000|  0%| F|  |TAMS 0x0000000715c00000| PB 0x0000000715c00000| Untracked 
|  78|0x0000000715e00000, 0x0000000715e00000, 0x0000000716000000|  0%| F|  |TAMS 0x0000000715e00000| PB 0x0000000715e00000| Untracked 
|  79|0x0000000716000000, 0x0000000716000000, 0x0000000716200000|  0%| F|  |TAMS 0x0000000716000000| PB 0x0000000716000000| Untracked 
|  80|0x0000000716200000, 0x0000000716200000, 0x0000000716400000|  0%| F|  |TAMS 0x0000000716200000| PB 0x0000000716200000| Untracked 
|  81|0x0000000716400000, 0x0000000716400000, 0x0000000716600000|  0%| F|  |TAMS 0x0000000716400000| PB 0x0000000716400000| Untracked 
|  82|0x0000000716600000, 0x0000000716600000, 0x0000000716800000|  0%| F|  |TAMS 0x0000000716600000| PB 0x0000000716600000| Untracked 
|  83|0x0000000716800000, 0x0000000716800000, 0x0000000716a00000|  0%| F|  |TAMS 0x0000000716800000| PB 0x0000000716800000| Untracked 
|  84|0x0000000716a00000, 0x0000000716a00000, 0x0000000716c00000|  0%| F|  |TAMS 0x0000000716a00000| PB 0x0000000716a00000| Untracked 
|  85|0x0000000716c00000, 0x0000000716c00000, 0x0000000716e00000|  0%| F|  |TAMS 0x0000000716c00000| PB 0x0000000716c00000| Untracked 
|  86|0x0000000716e00000, 0x0000000716e00000, 0x0000000717000000|  0%| F|  |TAMS 0x0000000716e00000| PB 0x0000000716e00000| Untracked 
|  87|0x0000000717000000, 0x0000000717000000, 0x0000000717200000|  0%| F|  |TAMS 0x0000000717000000| PB 0x0000000717000000| Untracked 
|  88|0x0000000717200000, 0x0000000717200000, 0x0000000717400000|  0%| F|  |TAMS 0x0000000717200000| PB 0x0000000717200000| Untracked 
|  89|0x0000000717400000, 0x0000000717400000, 0x0000000717600000|  0%| F|  |TAMS 0x0000000717400000| PB 0x0000000717400000| Untracked 
|  90|0x0000000717600000, 0x0000000717600000, 0x0000000717800000|  0%| F|  |TAMS 0x0000000717600000| PB 0x0000000717600000| Untracked 
|  91|0x0000000717800000, 0x0000000717800000, 0x0000000717a00000|  0%| F|  |TAMS 0x0000000717800000| PB 0x0000000717800000| Untracked 
|  92|0x0000000717a00000, 0x0000000717a00000, 0x0000000717c00000|  0%| F|  |TAMS 0x0000000717a00000| PB 0x0000000717a00000| Untracked 
|  93|0x0000000717c00000, 0x0000000717c00000, 0x0000000717e00000|  0%| F|  |TAMS 0x0000000717c00000| PB 0x0000000717c00000| Untracked 
|  94|0x0000000717e00000, 0x0000000717e00000, 0x0000000718000000|  0%| F|  |TAMS 0x0000000717e00000| PB 0x0000000717e00000| Untracked 
|  95|0x0000000718000000, 0x0000000718000000, 0x0000000718200000|  0%| F|  |TAMS 0x0000000718000000| PB 0x0000000718000000| Untracked 
|  96|0x0000000718200000, 0x0000000718200000, 0x0000000718400000|  0%| F|  |TAMS 0x0000000718200000| PB 0x0000000718200000| Untracked 
|  97|0x0000000718400000, 0x0000000718400000, 0x0000000718600000|  0%| F|  |TAMS 0x0000000718400000| PB 0x0000000718400000| Untracked 
|  98|0x0000000718600000, 0x0000000718600000, 0x0000000718800000|  0%| F|  |TAMS 0x0000000718600000| PB 0x0000000718600000| Untracked 
|  99|0x0000000718800000, 0x0000000718800000, 0x0000000718a00000|  0%| F|  |TAMS 0x0000000718800000| PB 0x0000000718800000| Untracked 
| 100|0x0000000718a00000, 0x0000000718a00000, 0x0000000718c00000|  0%| F|  |TAMS 0x0000000718a00000| PB 0x0000000718a00000| Untracked 
| 101|0x0000000718c00000, 0x0000000718c00000, 0x0000000718e00000|  0%| F|  |TAMS 0x0000000718c00000| PB 0x0000000718c00000| Untracked 
| 102|0x0000000718e00000, 0x0000000718e00000, 0x0000000719000000|  0%| F|  |TAMS 0x0000000718e00000| PB 0x0000000718e00000| Untracked 
| 103|0x0000000719000000, 0x0000000719000000, 0x0000000719200000|  0%| F|  |TAMS 0x0000000719000000| PB 0x0000000719000000| Untracked 
| 104|0x0000000719200000, 0x0000000719200000, 0x0000000719400000|  0%| F|  |TAMS 0x0000000719200000| PB 0x0000000719200000| Untracked 
| 105|0x0000000719400000, 0x0000000719400000, 0x0000000719600000|  0%| F|  |TAMS 0x0000000719400000| PB 0x0000000719400000| Untracked 
| 106|0x0000000719600000, 0x0000000719600000, 0x0000000719800000|  0%| F|  |TAMS 0x0000000719600000| PB 0x0000000719600000| Untracked 
| 107|0x0000000719800000, 0x0000000719800000, 0x0000000719a00000|  0%| F|  |TAMS 0x0000000719800000| PB 0x0000000719800000| Untracked 
| 108|0x0000000719a00000, 0x0000000719a00000, 0x0000000719c00000|  0%| F|  |TAMS 0x0000000719a00000| PB 0x0000000719a00000| Untracked 
| 109|0x0000000719c00000, 0x0000000719e00000, 0x0000000719e00000|100%| S|CS|TAMS 0x0000000719c00000| PB 0x0000000719c00000| Complete 
| 110|0x0000000719e00000, 0x000000071a000000, 0x000000071a000000|100%| S|CS|TAMS 0x0000000719e00000| PB 0x0000000719e00000| Complete 
| 111|0x000000071a000000, 0x000000071a000000, 0x000000071a200000|  0%| F|  |TAMS 0x000000071a000000| PB 0x000000071a000000| Untracked 
| 112|0x000000071a200000, 0x000000071a200000, 0x000000071a400000|  0%| F|  |TAMS 0x000000071a200000| PB 0x000000071a200000| Untracked 
| 113|0x000000071a400000, 0x000000071a400000, 0x000000071a600000|  0%| F|  |TAMS 0x000000071a400000| PB 0x000000071a400000| Untracked 
| 114|0x000000071a600000, 0x000000071a600000, 0x000000071a800000|  0%| F|  |TAMS 0x000000071a600000| PB 0x000000071a600000| Untracked 
| 115|0x000000071a800000, 0x000000071a800000, 0x000000071aa00000|  0%| F|  |TAMS 0x000000071a800000| PB 0x000000071a800000| Untracked 
| 116|0x000000071aa00000, 0x000000071aa00000, 0x000000071ac00000|  0%| F|  |TAMS 0x000000071aa00000| PB 0x000000071aa00000| Untracked 
| 117|0x000000071ac00000, 0x000000071ac00000, 0x000000071ae00000|  0%| F|  |TAMS 0x000000071ac00000| PB 0x000000071ac00000| Untracked 
| 118|0x000000071ae00000, 0x000000071ae00000, 0x000000071b000000|  0%| F|  |TAMS 0x000000071ae00000| PB 0x000000071ae00000| Untracked 
| 119|0x000000071b000000, 0x000000071b000000, 0x000000071b200000|  0%| F|  |TAMS 0x000000071b000000| PB 0x000000071b000000| Untracked 
| 120|0x000000071b200000, 0x000000071b200000, 0x000000071b400000|  0%| F|  |TAMS 0x000000071b200000| PB 0x000000071b200000| Untracked 
| 121|0x000000071b400000, 0x000000071b5f30f8, 0x000000071b600000| 97%| E|  |TAMS 0x000000071b400000| PB 0x000000071b400000| Complete 

Card table byte_map: [0x00000262fe3a0000,0x00000262feb40000] _byte_map_base: 0x00000262fab3f000

Marking Bits: (CMBitMap*) 0x00000262f4f79160
 Bits: [0x000002628f000000, 0x0000026292cf8000)

Polling page: 0x00000262f2ce0000

Metaspace:

Usage:
  Non-class:      6.62 MB used.
      Class:    781.02 KB used.
       Both:      7.38 MB used.

Virtual space:
  Non-class space:       64.00 MB reserved,       6.69 MB ( 10%) committed,  1 nodes.
      Class space:        1.00 GB reserved,     896.00 KB ( <1%) committed,  1 nodes.
             Both:        1.06 GB reserved,       7.56 MB ( <1%) committed. 

Chunk freelists:
   Non-Class:  9.00 MB
       Class:  15.10 MB
        Both:  24.10 MB

MaxMetaspaceSize: unlimited
CompressedClassSpaceSize: 1.00 GB
Initial GC threshold: 21.00 MB
Current GC threshold: 21.00 MB
CDS: on
 - commit_granule_bytes: 65536.
 - commit_granule_words: 8192.
 - virtual_space_node_default_size: 8388608.
 - enlarge_chunks_in_place: 1.
 - use_allocation_guard: 0.


Internal statistics:

num_allocs_failed_limit: 0.
num_arena_births: 164.
num_arena_deaths: 0.
num_vsnodes_births: 2.
num_vsnodes_deaths: 0.
num_space_committed: 121.
num_space_uncommitted: 0.
num_chunks_returned_to_freelist: 0.
num_chunks_taken_from_freelist: 201.
num_chunk_merges: 0.
num_chunk_splits: 121.
num_chunks_enlarged: 49.
num_inconsistent_stats: 0.

CodeHeap 'non-profiled nmethods': size=119168Kb used=437Kb max_used=437Kb free=118730Kb
 bounds [0x0000026287ba0000, 0x0000026287e10000, 0x000002628f000000]
CodeHeap 'profiled nmethods': size=119104Kb used=2417Kb max_used=2417Kb free=116686Kb
 bounds [0x0000026280000000, 0x0000026280270000, 0x0000026287450000]
CodeHeap 'non-nmethods': size=7488Kb used=3223Kb max_used=3255Kb free=4264Kb
 bounds [0x0000026287450000, 0x0000026287790000, 0x0000026287ba0000]
 total_blobs=1974 nmethods=1366 adapters=510
 compilation: enabled
              stopped_count=0, restarted_count=0
 full_count=0

Compilation events (20 events):
Event: 1.141 Thread 0x00000262da0e5400 nmethod 1362 0x0000026280258990 code [0x0000026280258b40, 0x0000026280258c58]
Event: 1.141 Thread 0x00000262ffb9a3d0 nmethod 1363 0x0000026280258d10 code [0x0000026280258ee0, 0x0000026280259010]
Event: 1.143 Thread 0x00000262da984650 nmethod 1359 0x0000026287c03c90 code [0x0000026287c03e40, 0x0000026287c04158]
Event: 1.143 Thread 0x00000262da984650 1358       4       java.lang.StringUTF16::toBytes (34 bytes)
Event: 1.143 Thread 0x00000262ffb9a3d0 1364       1       java.awt.AWTEvent::getID (5 bytes)
Event: 1.144 Thread 0x00000262ffb9a3d0 nmethod 1364 0x0000026287c04390 code [0x0000026287c04520, 0x0000026287c045e8]
Event: 1.149 Thread 0x00000262da836880 nmethod 1325 0x0000026287c04690 code [0x0000026287c04ba0, 0x0000026287c093e8]
Event: 1.150 Thread 0x00000262da836880 1357       4       jdk.internal.util.ArraysSupport::utf16hashCode (40 bytes)
Event: 1.153 Thread 0x00000262da836880 nmethod 1357 0x0000026287c0c110 code [0x0000026287c0c2a0, 0x0000026287c0c418]
Event: 1.153 Thread 0x00000262da836880 1360       4       jdk.internal.misc.Unsafe::getCharUnaligned (12 bytes)
Event: 1.153 Thread 0x00000262da836880 nmethod 1360 0x0000026287c0c510 code [0x0000026287c0c6a0, 0x0000026287c0c770]
Event: 1.153 Thread 0x00000262da836880 1356       4       java.nio.CharBuffer::position (6 bytes)
Event: 1.154 Thread 0x00000262da984650 nmethod 1358 0x0000026287c0c810 code [0x0000026287c0c9e0, 0x0000026287c0d0c8]
Event: 1.154 Thread 0x00000262da836880 nmethod 1356 0x0000026287c0d310 code [0x0000026287c0d4a0, 0x0000026287c0d5a0]
Event: 1.156 Thread 0x00000262ffb9a3d0 1365       3       java.lang.ref.ReferenceQueue::poll0 (65 bytes)
Event: 1.156 Thread 0x00000262da0e5400 1366   !   3       java.util.concurrent.ConcurrentHashMap::replaceNode (437 bytes)
Event: 1.156 Thread 0x00000262da946bc0 1367       3       java.util.concurrent.ConcurrentHashMap::remove (8 bytes)
Event: 1.156 Thread 0x00000262da946bc0 nmethod 1367 0x0000026280259090 code [0x0000026280259240, 0x0000026280259390]
Event: 1.156 Thread 0x00000262ffb9a3d0 nmethod 1365 0x0000026280259410 code [0x00000262802595e0, 0x0000026280259b18]
Event: 1.158 Thread 0x00000262da0e5400 nmethod 1366 0x0000026280259c10 code [0x0000026280259f80, 0x000002628025b830]

GC Heap History (2 events):
Event: 1.111 GC heap before
{Heap before GC invocations=0 (full 0):
 garbage-first heap   total 249856K, used 24576K [0x000000070c200000, 0x0000000800000000)
  region size 2048K, 11 young (22528K), 0 survivors (0K)
 Metaspace       used 7322K, committed 7552K, reserved 1114112K
  class space    used 751K, committed 896K, reserved 1048576K
}
Event: 1.116 GC heap after
{Heap after GC invocations=1 (full 0):
 garbage-first heap   total 249856K, used 8833K [0x000000070c200000, 0x0000000800000000)
  region size 2048K, 2 young (4096K), 2 survivors (4096K)
 Metaspace       used 7322K, committed 7552K, reserved 1114112K
  class space    used 751K, committed 896K, reserved 1048576K
}

Dll operation events (9 events):
Event: 0.009 Loaded shared library C:\Program Files\Java\jdk-21\bin\java.dll
Event: 0.302 Loaded shared library C:\Program Files\Java\jdk-21\bin\jsvml.dll
Event: 0.337 Loaded shared library C:\Program Files\Java\jdk-21\bin\net.dll
Event: 0.338 Loaded shared library C:\Program Files\Java\jdk-21\bin\nio.dll
Event: 0.397 Loaded shared library C:\Program Files\Java\jdk-21\bin\jimage.dll
Event: 0.424 Loaded shared library C:\Program Files\Java\jdk-21\bin\awt.dll
Event: 0.703 Loaded shared library C:\Program Files\Java\jdk-21\bin\zip.dll
Event: 0.808 Loaded shared library C:\Program Files\Java\jdk-21\bin\freetype.dll
Event: 0.809 Loaded shared library C:\Program Files\Java\jdk-21\bin\fontmanager.dll

Deoptimization events (20 events):
Event: 1.077 Thread 0x00000262dabdd940 Uncommon trap: trap_request=0xffffff45 fr.pc=0x0000026287bfc9e4 relative=0x0000000000000404
Event: 1.077 Thread 0x00000262dabdd940 Uncommon trap: reason=unstable_if action=reinterpret pc=0x0000026287bfc9e4 method=java.lang.Character.isSurrogate(C)Z @ 3 c2
Event: 1.077 Thread 0x00000262dabdd940 DEOPT PACKING pc=0x0000026287bfc9e4 sp=0x0000007b126fcc70
Event: 1.077 Thread 0x00000262dabdd940 DEOPT UNPACKING pc=0x00000262874a46a2 sp=0x0000007b126fcb88 mode 2
Event: 1.126 Thread 0x00000262dabdd940 Uncommon trap: trap_request=0xffffffbe fr.pc=0x0000026287c01758 relative=0x0000000000000298
Event: 1.126 Thread 0x00000262dabdd940 Uncommon trap: reason=profile_predicate action=maybe_recompile pc=0x0000026287c01758 method=java.util.HashMap.keysToArray([Ljava/lang/Object;)[Ljava/lang/Object; @ 36 c2
Event: 1.126 Thread 0x00000262dabdd940 DEOPT PACKING pc=0x0000026287c01758 sp=0x0000007b126fd1e0
Event: 1.126 Thread 0x00000262dabdd940 DEOPT UNPACKING pc=0x00000262874a46a2 sp=0x0000007b126fd180 mode 2
Event: 1.126 Thread 0x00000262dabdd940 Uncommon trap: trap_request=0xffffffbe fr.pc=0x0000026287c01758 relative=0x0000000000000298
Event: 1.126 Thread 0x00000262dabdd940 Uncommon trap: reason=profile_predicate action=maybe_recompile pc=0x0000026287c01758 method=java.util.HashMap.keysToArray([Ljava/lang/Object;)[Ljava/lang/Object; @ 36 c2
Event: 1.126 Thread 0x00000262dabdd940 DEOPT PACKING pc=0x0000026287c01758 sp=0x0000007b126fd1d0
Event: 1.126 Thread 0x00000262dabdd940 DEOPT UNPACKING pc=0x00000262874a46a2 sp=0x0000007b126fd170 mode 2
Event: 1.126 Thread 0x00000262dabdd940 Uncommon trap: trap_request=0xffffffbe fr.pc=0x0000026287c01758 relative=0x0000000000000298
Event: 1.126 Thread 0x00000262dabdd940 Uncommon trap: reason=profile_predicate action=maybe_recompile pc=0x0000026287c01758 method=java.util.HashMap.keysToArray([Ljava/lang/Object;)[Ljava/lang/Object; @ 36 c2
Event: 1.126 Thread 0x00000262dabdd940 DEOPT PACKING pc=0x0000026287c01758 sp=0x0000007b126fd1e0
Event: 1.126 Thread 0x00000262dabdd940 DEOPT UNPACKING pc=0x00000262874a46a2 sp=0x0000007b126fd180 mode 2
Event: 1.126 Thread 0x00000262dabdd940 Uncommon trap: trap_request=0xffffffbe fr.pc=0x0000026287c01758 relative=0x0000000000000298
Event: 1.126 Thread 0x00000262dabdd940 Uncommon trap: reason=profile_predicate action=maybe_recompile pc=0x0000026287c01758 method=java.util.HashMap.keysToArray([Ljava/lang/Object;)[Ljava/lang/Object; @ 36 c2
Event: 1.126 Thread 0x00000262dabdd940 DEOPT PACKING pc=0x0000026287c01758 sp=0x0000007b126fd1d0
Event: 1.126 Thread 0x00000262dabdd940 DEOPT UNPACKING pc=0x00000262874a46a2 sp=0x0000007b126fd170 mode 2

Classes loaded (20 events):
Event: 1.147 Loading class java/awt/Panel done
Event: 1.148 Loading class java/applet/Applet done
Event: 1.148 Loading class java/awt/TextComponent
Event: 1.148 Loading class java/awt/TextComponent done
Event: 1.148 Loading class javax/swing/text/JTextComponent
Event: 1.148 Loading class javax/swing/Scrollable
Event: 1.148 Loading class javax/swing/Scrollable done
Event: 1.148 Loading class javax/swing/text/JTextComponent done
Event: 1.149 Loading class java/awt/KeyboardFocusManager$3
Event: 1.149 Loading class java/awt/KeyboardFocusManager$3 done
Event: 1.155 Loading class sun/awt/im/CompositionAreaHandler
Event: 1.156 Loading class sun/awt/im/CompositionAreaHandler done
Event: 1.156 Loading class java/text/AttributedString
Event: 1.156 Loading class java/text/AttributedString done
Event: 1.156 Loading class java/text/AttributedString$AttributedStringIterator
Event: 1.156 Loading class java/text/AttributedCharacterIterator
Event: 1.156 Loading class java/text/CharacterIterator
Event: 1.156 Loading class java/text/CharacterIterator done
Event: 1.156 Loading class java/text/AttributedCharacterIterator done
Event: 1.156 Loading class java/text/AttributedString$AttributedStringIterator done

Classes unloaded (0 events):
No events

Classes redefined (0 events):
No events

Internal exceptions (20 events):
Event: 0.924 Thread 0x00000262dabdd940 Exception <a 'java/io/FileNotFoundException'{0x000000071a91e758}> (0x000000071a91e758) 
thrown [s\open\src\hotspot\share\prims\jni.cpp, line 520]
Event: 0.926 Thread 0x00000262dabdd940 Exception <a 'java/io/FileNotFoundException'{0x000000071a935150}> (0x000000071a935150) 
thrown [s\open\src\hotspot\share\prims\jni.cpp, line 520]
Event: 0.926 Thread 0x00000262dabdd940 Exception <a 'java/io/FileNotFoundException'{0x000000071a936bc0}> (0x000000071a936bc0) 
thrown [s\open\src\hotspot\share\prims\jni.cpp, line 520]
Event: 0.926 Thread 0x00000262dabdd940 Exception <a 'java/io/FileNotFoundException'{0x000000071a938640}> (0x000000071a938640) 
thrown [s\open\src\hotspot\share\prims\jni.cpp, line 520]
Event: 0.926 Thread 0x00000262dabdd940 Exception <a 'java/io/FileNotFoundException'{0x000000071a93a0d0}> (0x000000071a93a0d0) 
thrown [s\open\src\hotspot\share\prims\jni.cpp, line 520]
Event: 0.927 Thread 0x00000262dabdd940 Exception <a 'java/io/FileNotFoundException'{0x000000071a93bb70}> (0x000000071a93bb70) 
thrown [s\open\src\hotspot\share\prims\jni.cpp, line 520]
Event: 0.927 Thread 0x00000262dabdd940 Exception <a 'java/io/FileNotFoundException'{0x000000071a93d5f0}> (0x000000071a93d5f0) 
thrown [s\open\src\hotspot\share\prims\jni.cpp, line 520]
Event: 0.927 Thread 0x00000262dabdd940 Exception <a 'java/io/FileNotFoundException'{0x000000071a93f050}> (0x000000071a93f050) 
thrown [s\open\src\hotspot\share\prims\jni.cpp, line 520]
Event: 0.927 Thread 0x00000262dabdd940 Exception <a 'java/io/FileNotFoundException'{0x000000071a940ae0}> (0x000000071a940ae0) 
thrown [s\open\src\hotspot\share\prims\jni.cpp, line 520]
Event: 0.927 Thread 0x00000262dabdd940 Exception <a 'java/io/FileNotFoundException'{0x000000071a942550}> (0x000000071a942550) 
thrown [s\open\src\hotspot\share\prims\jni.cpp, line 520]
Event: 0.928 Thread 0x00000262dabdd940 Exception <a 'java/io/FileNotFoundException'{0x000000071a948b88}> (0x000000071a948b88) 
thrown [s\open\src\hotspot\share\prims\jni.cpp, line 520]
Event: 0.928 Thread 0x00000262dabdd940 Exception <a 'java/io/FileNotFoundException'{0x000000071a94a5f8}> (0x000000071a94a5f8) 
thrown [s\open\src\hotspot\share\prims\jni.cpp, line 520]
Event: 0.928 Thread 0x00000262dabdd940 Exception <a 'java/io/FileNotFoundException'{0x000000071a94c068}> (0x000000071a94c068) 
thrown [s\open\src\hotspot\share\prims\jni.cpp, line 520]
Event: 0.928 Thread 0x00000262dabdd940 Exception <a 'java/io/FileNotFoundException'{0x000000071a94db08}> (0x000000071a94db08) 
thrown [s\open\src\hotspot\share\prims\jni.cpp, line 520]
Event: 0.928 Thread 0x00000262dabdd940 Exception <a 'java/io/FileNotFoundException'{0x000000071a94f5a8}> (0x000000071a94f5a8) 
thrown [s\open\src\hotspot\share\prims\jni.cpp, line 520]
Event: 0.928 Thread 0x00000262dabdd940 Exception <a 'java/io/FileNotFoundException'{0x000000071a951028}> (0x000000071a951028) 
thrown [s\open\src\hotspot\share\prims\jni.cpp, line 520]
Event: 0.928 Thread 0x00000262dabdd940 Exception <a 'java/io/FileNotFoundException'{0x000000071a952d58}> (0x000000071a952d58) 
thrown [s\open\src\hotspot\share\prims\jni.cpp, line 520]
Event: 0.928 Thread 0x00000262dabdd940 Exception <a 'java/io/FileNotFoundException'{0x000000071a9547c0}> (0x000000071a9547c0) 
thrown [s\open\src\hotspot\share\prims\jni.cpp, line 520]
Event: 0.928 Thread 0x00000262dabdd940 Exception <a 'java/io/FileNotFoundException'{0x000000071a956228}> (0x000000071a956228) 
thrown [s\open\src\hotspot\share\prims\jni.cpp, line 520]
Event: 0.929 Thread 0x00000262dabdd940 Exception <a 'java/io/FileNotFoundException'{0x000000071a959900}> (0x000000071a959900) 
thrown [s\open\src\hotspot\share\prims\jni.cpp, line 520]

ZGC Phase Switch (0 events):
No events

VM Operations (14 events):
Event: 0.342 Executing VM operation: HandshakeAllThreads (Deoptimize)
Event: 0.343 Executing VM operation: HandshakeAllThreads (Deoptimize) done
Event: 0.474 Executing VM operation: HandshakeAllThreads (Deoptimize)
Event: 0.474 Executing VM operation: HandshakeAllThreads (Deoptimize) done
Event: 0.725 Executing VM operation: HandshakeAllThreads (Deoptimize)
Event: 0.725 Executing VM operation: HandshakeAllThreads (Deoptimize) done
Event: 0.777 Executing VM operation: HandshakeAllThreads (Deoptimize)
Event: 0.777 Executing VM operation: HandshakeAllThreads (Deoptimize) done
Event: 0.887 Executing VM operation: HandshakeAllThreads (Deoptimize)
Event: 0.887 Executing VM operation: HandshakeAllThreads (Deoptimize) done
Event: 1.049 Executing VM operation: ICBufferFull
Event: 1.049 Executing VM operation: ICBufferFull done
Event: 1.111 Executing VM operation: G1CollectForAllocation (G1 Evacuation Pause)
Event: 1.116 Executing VM operation: G1CollectForAllocation (G1 Evacuation Pause) done

Events (20 events):
Event: 0.301 Thread 0x00000262ffb89e30 Thread added: 0x00000262ffb89e30
Event: 0.301 Thread 0x00000262ffb8ab70 Thread added: 0x00000262ffb8ab70
Event: 0.301 Thread 0x00000262ffb8f620 Thread added: 0x00000262ffb8f620
Event: 0.301 Thread 0x00000262ffb9a3d0 Thread added: 0x00000262ffb9a3d0
Event: 0.320 Thread 0x00000262da0ae3f0 Thread added: 0x00000262da0ae3f0
Event: 0.327 Thread 0x00000262da0e5400 Thread added: 0x00000262da0e5400
Event: 0.349 Thread 0x00000262da10cdb0 Thread added: 0x00000262da10cdb0
Event: 0.386 Thread 0x00000262da21a640 Thread added: 0x00000262da21a640
Event: 0.532 Thread 0x00000262da10cdb0 Thread exited: 0x00000262da10cdb0
Event: 0.533 Thread 0x00000262da10cdb0 Thread added: 0x00000262da10cdb0
Event: 0.534 Thread 0x00000262da35b310 Thread added: 0x00000262da35b310
Event: 0.535 Thread 0x00000262da368870 Thread added: 0x00000262da368870
Event: 0.687 Thread 0x00000262daa92760 Thread added: 0x00000262daa92760
Event: 0.697 Thread 0x00000262da944500 Thread added: 0x00000262da944500
Event: 0.698 Thread 0x00000262da946bc0 Thread added: 0x00000262da946bc0
Event: 0.709 Thread 0x00000262da984650 Thread added: 0x00000262da984650
Event: 0.715 Thread 0x00000262da836880 Thread added: 0x00000262da836880
Event: 0.790 Thread 0x00000262dabdd940 Thread added: 0x00000262dabdd940
Event: 0.874 Thread 0x00000262f4f19730 Thread exited: 0x00000262f4f19730
Event: 0.874 Thread 0x00000262f4f19730 Thread added: 0x00000262f4f19730


Dynamic libraries:
0x00007ff735d00000 - 0x00007ff735d10000 	C:\Program Files\Java\jdk-21\bin\java.exe
0x00007fffcc6f0000 - 0x00007fffcc906000 	C:\Windows\SYSTEM32\ntdll.dll
0x00007fffcaa50000 - 0x00007fffcab14000 	C:\Windows\System32\KERNEL32.DLL
0x00007fffca090000 - 0x00007fffca436000 	C:\Windows\System32\KERNELBASE.dll
0x00007fffc9ce0000 - 0x00007fffc9df1000 	C:\Windows\System32\ucrtbase.dll
0x00007fffb49b0000 - 0x00007fffb49cb000 	C:\Program Files\Java\jdk-21\bin\VCRUNTIME140.dll
0x00007fffbc7b0000 - 0x00007fffbc7c9000 	C:\Program Files\Java\jdk-21\bin\jli.dll
0x00007fffcaff0000 - 0x00007fffcb0a2000 	C:\Windows\System32\ADVAPI32.dll
0x00007fffca440000 - 0x00007fffca4e7000 	C:\Windows\System32\msvcrt.dll
0x00007fffcb170000 - 0x00007fffcb218000 	C:\Windows\System32\sechost.dll
0x00007fffc9cb0000 - 0x00007fffc9cd8000 	C:\Windows\System32\bcrypt.dll
0x00007fffca4f0000 - 0x00007fffca605000 	C:\Windows\System32\RPCRT4.dll
0x00007fffca820000 - 0x00007fffca9cd000 	C:\Windows\System32\USER32.dll
0x00007fffb2f50000 - 0x00007fffb31e3000 	C:\Windows\WinSxS\amd64_microsoft.windows.common-controls_6595b64144ccf1df_6.0.22621.3235_none_270f74e173860f98\COMCTL32.dll
0x00007fffc9c00000 - 0x00007fffc9c26000 	C:\Windows\System32\win32u.dll
0x00007fffcb940000 - 0x00007fffcb969000 	C:\Windows\System32\GDI32.dll
0x00007fffc9f70000 - 0x00007fffca088000 	C:\Windows\System32\gdi32full.dll
0x00007fffc9b60000 - 0x00007fffc9bfa000 	C:\Windows\System32\msvcp_win.dll
0x00007fffc0cd0000 - 0x00007fffc0cda000 	C:\Windows\SYSTEM32\VERSION.dll
0x00007fffcad40000 - 0x00007fffcad71000 	C:\Windows\System32\IMM32.DLL
0x00007fffc0760000 - 0x00007fffc076c000 	C:\Program Files\Java\jdk-21\bin\vcruntime140_1.dll
0x00007fff79330000 - 0x00007fff793be000 	C:\Program Files\Java\jdk-21\bin\msvcp140.dll
0x00007fff4a590000 - 0x00007fff4b2a7000 	C:\Program Files\Java\jdk-21\bin\server\jvm.dll
0x00007fffcae10000 - 0x00007fffcae81000 	C:\Windows\System32\WS2_32.dll
0x00007fffc9750000 - 0x00007fffc979d000 	C:\Windows\SYSTEM32\POWRPROF.dll
0x00007fffc00b0000 - 0x00007fffc00e4000 	C:\Windows\SYSTEM32\WINMM.dll
0x00007fffc9680000 - 0x00007fffc9693000 	C:\Windows\SYSTEM32\UMPDC.dll
0x00007fffc8a40000 - 0x00007fffc8a58000 	C:\Windows\SYSTEM32\kernel.appcore.dll
0x00007fffbc840000 - 0x00007fffbc84a000 	C:\Program Files\Java\jdk-21\bin\jimage.dll
0x00007fffbf790000 - 0x00007fffbf9c3000 	C:\Windows\SYSTEM32\DBGHELP.DLL
0x00007fffcc2c0000 - 0x00007fffcc648000 	C:\Windows\System32\combase.dll
0x00007fffcc1e0000 - 0x00007fffcc2b7000 	C:\Windows\System32\OLEAUT32.dll
0x00007fffbf750000 - 0x00007fffbf782000 	C:\Windows\SYSTEM32\dbgcore.DLL
0x00007fffc9c30000 - 0x00007fffc9caa000 	C:\Windows\System32\bcryptPrimitives.dll
0x00007fffaeb80000 - 0x00007fffaeb9f000 	C:\Program Files\Java\jdk-21\bin\java.dll
0x00007fffcb970000 - 0x00007fffcc1cc000 	C:\Windows\System32\SHELL32.dll
0x00007fffc7940000 - 0x00007fffc8238000 	C:\Windows\SYSTEM32\windows.storage.dll
0x00007fffc7800000 - 0x00007fffc793e000 	C:\Windows\SYSTEM32\wintypes.dll
0x00007fffcaea0000 - 0x00007fffcaf93000 	C:\Windows\System32\SHCORE.dll
0x00007fffcace0000 - 0x00007fffcad3e000 	C:\Windows\System32\shlwapi.dll
0x00007fffc9960000 - 0x00007fffc9986000 	C:\Windows\SYSTEM32\profapi.dll
0x00007fff794e0000 - 0x00007fff795b7000 	C:\Program Files\Java\jdk-21\bin\jsvml.dll
0x00007fffbc770000 - 0x00007fffbc780000 	C:\Program Files\Java\jdk-21\bin\net.dll
0x00007fffc36c0000 - 0x00007fffc37f7000 	C:\Windows\SYSTEM32\WINHTTP.dll
0x00007fffc8eb0000 - 0x00007fffc8f19000 	C:\Windows\system32\mswsock.dll
0x00007fffad490000 - 0x00007fffad4a6000 	C:\Program Files\Java\jdk-21\bin\nio.dll
0x00007fff78c80000 - 0x00007fff78e0f000 	C:\Program Files\Java\jdk-21\bin\awt.dll
0x00007fffc6d70000 - 0x00007fffc6e07000 	C:\Windows\SYSTEM32\apphelp.dll
0x00007fffc7190000 - 0x00007fffc71bb000 	C:\Windows\system32\DWMAPI.DLL
0x00007fffc6f30000 - 0x00007fffc6fdb000 	C:\Windows\system32\uxtheme.dll
0x00007fff765b0000 - 0x00007fff766b0000 	C:\Windows\system32\opengl32.dll
0x00007fff76350000 - 0x00007fff7637d000 	C:\Windows\SYSTEM32\GLU32.dll
0x00007fffc7020000 - 0x00007fffc7059000 	C:\Windows\SYSTEM32\dxcore.dll
0x00007fffca640000 - 0x00007fffca794000 	C:\Windows\System32\MSCTF.dll
0x00007fffcb7a0000 - 0x00007fffcb93f000 	C:\Windows\System32\ole32.dll
0x00007fff91540000 - 0x00007fff916e9000 	C:\Windows\system32\d3d9.dll
0x00007fffbfb10000 - 0x00007fffbfccb000 	C:\Windows\System32\DriverStore\FileRepository\u0395277.inf_amd64_285aaeb5f7726670\B394313\aticfx64.dll
0x00007fff70320000 - 0x00007fff731e1000 	C:\Windows\System32\DriverStore\FileRepository\u0395277.inf_amd64_285aaeb5f7726670\B394313\amdxn64.dll
0x00007fffcb320000 - 0x00007fffcb794000 	C:\Windows\System32\SETUPAPI.dll
0x00007fffc7060000 - 0x00007fffc7158000 	C:\Windows\SYSTEM32\dxgi.dll
0x00007fffbcf80000 - 0x00007fffbcfb5000 	C:\Windows\SYSTEM32\amdihk64.dll
0x00007fffc38f0000 - 0x00007fffc393a000 	C:\Windows\SYSTEM32\directxdatabasehelper.dll
0x00007fffacca0000 - 0x00007fffaccb8000 	C:\Program Files\Java\jdk-21\bin\zip.dll
0x00007fff78bf0000 - 0x00007fff78c77000 	C:\Program Files\Java\jdk-21\bin\freetype.dll
0x00007fff789e0000 - 0x00007fff78ac2000 	C:\Program Files\Java\jdk-21\bin\fontmanager.dll
0x00007fffaf6a0000 - 0x00007fffaf7ea000 	C:\Windows\SYSTEM32\textinputframework.dll
0x00007fffb2ee0000 - 0x00007fffb2f49000 	C:\Windows\system32\Oleacc.dll
0x00007fffcb0c0000 - 0x00007fffcb170000 	C:\Windows\System32\clbcatq.dll
0x00007fffb0e70000 - 0x00007fffb0ebb000 	C:\Windows\system32\ApplicationTargetedFeatureDatabase.dll
0x00007fffc0910000 - 0x00007fffc0b9f000 	C:\Windows\System32\twinapi.appcore.dll
0x00007fffc6a80000 - 0x00007fffc6bb4000 	C:\Windows\SYSTEM32\CoreMessaging.dll
0x00007fffc2e90000 - 0x00007fffc31fc000 	C:\Windows\SYSTEM32\CoreUIComponents.dll
0x00007fffc9110000 - 0x00007fffc911c000 	C:\Windows\SYSTEM32\CRYPTBASE.DLL

dbghelp: loaded successfully - version: 4.0.5 - missing functions: none
symbol engine: initialized successfully - sym options: 0x614 - pdb path: .;C:\Program Files\Java\jdk-21\bin;C:\Windows\SYSTEM32;C:\Windows\WinSxS\amd64_microsoft.windows.common-controls_6595b64144ccf1df_6.0.22621.3235_none_270f74e173860f98;C:\Program Files\Java\jdk-21\bin\server;C:\Windows\System32\DriverStore\FileRepository\u0395277.inf_amd64_285aaeb5f7726670\B394313

VM Arguments:
jvm_args: -Dfile.encoding=UTF-8 --module-path=C:\Users\Dell G15\Desktop\JavaProject\ThaiTourismTrails_QuizAdventure\build\classes 
java_command: quiz.appication.Score
java_class_path (initial): C:\Users\Dell G15\Desktop\JavaProject\ThaiTourismTrails_QuizAdventure\build\classes
Launcher Type: SUN_STANDARD

[Global flags]
     intx CICompilerCount                          = 12                                        {product} {ergonomic}
     uint ConcGCThreads                            = 3                                         {product} {ergonomic}
     uint G1ConcRefinementThreads                  = 13                                        {product} {ergonomic}
   size_t G1HeapRegionSize                         = 2097152                                   {product} {ergonomic}
    uintx GCDrainStackTargetSize                   = 64                                        {product} {ergonomic}
   size_t InitialHeapSize                          = 255852544                                 {product} {ergonomic}
   size_t MarkStackSize                            = 4194304                                   {product} {ergonomic}
   size_t MaxHeapSize                              = 4091543552                                {product} {ergonomic}
   size_t MaxNewSize                               = 2453667840                                {product} {ergonomic}
   size_t MinHeapDeltaBytes                        = 2097152                                   {product} {ergonomic}
   size_t MinHeapSize                              = 8388608                                   {product} {ergonomic}
    uintx NonNMethodCodeHeapSize                   = 7602480                                {pd product} {ergonomic}
    uintx NonProfiledCodeHeapSize                  = 122027880                              {pd product} {ergonomic}
    uintx ProfiledCodeHeapSize                     = 122027880                              {pd product} {ergonomic}
    uintx ReservedCodeCacheSize                    = 251658240                              {pd product} {ergonomic}
     bool SegmentedCodeCache                       = true                                      {product} {ergonomic}
   size_t SoftMaxHeapSize                          = 4091543552                             {manageable} {ergonomic}
     bool UseCompressedOops                        = true                           {product lp64_product} {ergonomic}
     bool UseG1GC                                  = true                                      {product} {ergonomic}
     bool UseLargePagesIndividualAllocation        = false                                  {pd product} {ergonomic}

Logging:
Log output configuration:
 #0: stdout all=warning uptime,level,tags foldmultilines=false
 #1: stderr all=off uptime,level,tags foldmultilines=false

Environment Variables:
PATH=C:\Program Files\Common Files\Oracle\Java\javapath;C:\Program Files (x86)\Common Files\Oracle\Java\javapath;C:\Windows\system32;C:\Windows;C:\Windows\System32\Wbem;C:\Windows\System32\WindowsPowerShell\v1.0\;C:\Windows\System32\OpenSSH\;C:\Program Files\dotnet\;C:\Program Files (x86)\NVIDIA Corporation\PhysX\Common;C:\Program Files\NVIDIA Corporation\NVIDIA NvDLISR;C:\Program Files\Java\jdk-1.8\bin;C:\Users\Dell G15\AppData\Local\Microsoft\WindowsApps;C:\Users\Dell G15\AppData\Local\Programs\Microsoft VS Code\bin;C:\Users\Dell G15\AppData\Local\GitHubDesktop\bin;C:\MinGW\bin;C:\Program Files\JetBrains\IntelliJ IDEA 2023.3.2\bin;;C:\Program Files\Java\jdk-21\bin;
USERNAME=Dell G15
OS=Windows_NT
PROCESSOR_IDENTIFIER=AMD64 Family 25 Model 68 Stepping 1, AuthenticAMD
TMP=C:\Users\DELLG1~1\AppData\Local\Temp
TEMP=C:\Users\DELLG1~1\AppData\Local\Temp




Periodic native trim disabled

---------------  S Y S T E M  ---------------

OS:
 Windows 11 , 64 bit Build 22621 (10.0.22621.3235)
OS uptime: 4 days 0:53 hours
Hyper-V role detected

CPU: total 16 (initial active 16) (16 cores per cpu, 2 threads per core) family 25 model 68 stepping 1 microcode 0x0, cx8, cmov, fxsr, ht, mmx, 3dnowpref, sse, sse2, sse3, ssse3, sse4a, sse4.1, sse4.2, popcnt, lzcnt, tsc, tscinvbit, avx, avx2, aes, erms, clmul, bmi1, bmi2, adx, sha, fma, vzeroupper, clflush, clflushopt, hv, rdtscp, rdpid, fsrm, f16c, cet_ss
Processor Information for processor 0
  Max Mhz: 3201, Current Mhz: 1989, Mhz Limit: 3201
Processor Information for processor 1
  Max Mhz: 3201, Current Mhz: 1989, Mhz Limit: 3201
Processor Information for processor 2
  Max Mhz: 3201, Current Mhz: 1989, Mhz Limit: 3201
Processor Information for processor 3
  Max Mhz: 3201, Current Mhz: 1989, Mhz Limit: 3201
Processor Information for processor 4
  Max Mhz: 3201, Current Mhz: 1989, Mhz Limit: 3201
Processor Information for processor 5
  Max Mhz: 3201, Current Mhz: 3201, Mhz Limit: 3201
Processor Information for processor 6
  Max Mhz: 3201, Current Mhz: 3201, Mhz Limit: 3201
Processor Information for processor 7
  Max Mhz: 3201, Current Mhz: 1989, Mhz Limit: 3201
Processor Information for processor 8
  Max Mhz: 3201, Current Mhz: 1989, Mhz Limit: 3201
Processor Information for processor 9
  Max Mhz: 3201, Current Mhz: 1989, Mhz Limit: 3201
Processor Information for processor 10
  Max Mhz: 3201, Current Mhz: 1989, Mhz Limit: 3201
Processor Information for processor 11
  Max Mhz: 3201, Current Mhz: 1989, Mhz Limit: 3201
Processor Information for processor 12
  Max Mhz: 3201, Current Mhz: 1989, Mhz Limit: 3201
Processor Information for processor 13
  Max Mhz: 3201, Current Mhz: 1989, Mhz Limit: 3201
Processor Information for processor 14
  Max Mhz: 3201, Current Mhz: 1989, Mhz Limit: 3201
Processor Information for processor 15
  Max Mhz: 3201, Current Mhz: 1989, Mhz Limit: 3201

Memory: 4k page, system-wide physical 15603M (772M free)
TotalPageFile size 62707M (AvailPageFile size 4M)
current process WorkingSet (physical memory assigned to process): 113M, peak: 113M
current process commit charge ("private bytes"): 376M, peak: 377M

vm_info: Java HotSpot(TM) 64-Bit Server VM (21.0.2+13-LTS-58) for windows-amd64 JRE (21.0.2+13-LTS-58), built on 2024-01-05T18:32:24Z by "mach5one" with MS VC++ 17.1 (VS2022)

END.
