#
# There is insufficient memory for the Java Runtime Environment to continue.
# Native memory allocation (mmap) failed to map 255852544 bytes for G1 virtual space
# Possible reasons:
#   The system is out of physical RAM or swap space
#   The process is running with CompressedOops enabled, and the Java Heap may be blocking the growth of the native heap
# Possible solutions:
#   Reduce memory load on the system
#   Increase physical memory or swap space
#   Check if swap backing store is full
#   Decrease Java heap size (-Xmx/-Xms)
#   Decrease number of Java threads
#   Decrease Java thread stack sizes (-Xss)
#   Set larger code cache with -XX:ReservedCodeCacheSize=
#   JVM is running with Zero Based Compressed Oops mode in which the Java heap is
#     placed in the first 32GB address space. The Java Heap base address is the
#     maximum limit for the native heap growth. Please use -XX:HeapBaseMinAddress
#     to set the Java Heap base and to place the Java Heap above 32GB virtual address.
# This output file may be truncated or incomplete.
#
#  Out of Memory Error (os_windows.cpp:3600), pid=20364, tid=47968
#
# JRE version:  (21.0.2+13) (build )
# Java VM: Java HotSpot(TM) 64-Bit Server VM (21.0.2+13-LTS-58, mixed mode, sharing, tiered, compressed oops, compressed class ptrs, g1 gc, windows-amd64)
# No core dump will be written. Minidumps are not enabled by default on client versions of Windows
#

---------------  S U M M A R Y ------------

Command Line: -Dfile.encoding=UTF-8 --module-path=C:\Users\Dell G15\Desktop\JavaProject\ThaiTourismTrails_QuizAdventure\build\classes quiz.appication.Login

Host: AMD Ryzen 7 6800H with Radeon Graphics         , 16 cores, 15G,  Windows 11 , 64 bit Build 22621 (10.0.22621.3235)
Time: Thu Mar 14 00:01:06 2024 SE Asia Standard Time elapsed time: 0.012045 seconds (0d 0h 0m 0s)

---------------  T H R E A D  ---------------

Current thread (0x000001a9a2b39620):  JavaThread "Unknown thread" [_thread_in_vm, id=47968, stack(0x0000006806c00000,0x0000006806d00000) (1024K)]

Stack: [0x0000006806c00000,0x0000006806d00000]
Native frames: (J=compiled Java code, j=interpreted, Vv=VM code, C=native code)
V  [jvm.dll+0x6cade9]
V  [jvm.dll+0x8569c1]
V  [jvm.dll+0x858d2e]
V  [jvm.dll+0x859413]
V  [jvm.dll+0x280e56]
V  [jvm.dll+0x6c74d5]
V  [jvm.dll+0x6bbeca]
V  [jvm.dll+0x355bca]
V  [jvm.dll+0x35d816]
V  [jvm.dll+0x3ae67e]
V  [jvm.dll+0x3ae928]
V  [jvm.dll+0x3295dc]
V  [jvm.dll+0x32a16b]
V  [jvm.dll+0x81efa9]
V  [jvm.dll+0x3bba01]
V  [jvm.dll+0x807928]
V  [jvm.dll+0x44f50e]
V  [jvm.dll+0x450e11]
C  [jli.dll+0x52a3]
C  [ucrtbase.dll+0x29363]
C  [KERNEL32.DLL+0x1257d]
C  [ntdll.dll+0x5aa58]


---------------  P R O C E S S  ---------------

Threads class SMR info:
_java_thread_list=0x00007fff4b15bb88, length=0, elements={
}

Java Threads: ( => current thread )
Total: 0

Other Threads:
  0x000001a9a2b983b0 WorkerThread "GC Thread#0"                     [id=44676, stack(0x0000006806d00000,0x0000006806e00000) (1024K)]
  0x000001a9a2bc5230 ConcurrentGCThread "G1 Main Marker"            [id=46580, stack(0x0000006806e00000,0x0000006806f00000) (1024K)]
  0x000001a9a2bc5d30 WorkerThread "G1 Conc#0"                       [id=43868, stack(0x0000006806f00000,0x0000006807000000) (1024K)]

[error occurred during error reporting (printing all threads), id 0xc0000005, EXCEPTION_ACCESS_VIOLATION (0xc0000005) at pc=0x00007fff4a8cc6a7]
VM state: not at safepoint (not fully initialized)

VM Mutex/Monitor currently owned by a thread:  ([mutex/lock_event])
[0x00007fff4b1cce68] Heap_lock - owner thread: 0x000001a9a2b39620

Heap address: 0x000000070c200000, size: 3902 MB, Compressed Oops mode: Zero based, Oop shift amount: 3

CDS archive(s) mapped at: [0x0000000000000000-0x0000000000000000-0x0000000000000000), size 0, SharedBaseAddress: 0x0000000800000000, ArchiveRelocationMode: 1.
Narrow klass base: 0x0000000000000000, Narrow klass shift: 0, Narrow klass range: 0x0

GC Precious Log:
 CardTable entry size: 512
 Card Set container configuration: InlinePtr #cards 4 size 8 Array Of Cards #cards 16 size 48 Howl #buckets 8 coarsen threshold 3686 Howl Bitmap #cards 512 size 80 coarsen threshold 460 Card regions per heap region 1 cards per card region 4096

Heap:
 garbage-first heap   total 0K, used 0K [0x000000070c200000, 0x0000000800000000)
  region size 2048K, 0 young (0K), 0 survivors (0K)

[error occurred during error reporting (printing heap information), id 0xc0000005, EXCEPTION_ACCESS_VIOLATION (0xc0000005) at pc=0x00007fff4acb39f9]
GC Heap History (0 events):
No events

Dll operation events (1 events):
Event: 0.008 Loaded shared library C:\Program Files\Java\jdk-21\bin\java.dll

Deoptimization events (0 events):
No events

Classes loaded (0 events):
No events

Classes unloaded (0 events):
No events

Classes redefined (0 events):
No events

Internal exceptions (0 events):
No events

ZGC Phase Switch (0 events):
No events

VM Operations (0 events):
No events

Events (0 events):
No events


Dynamic libraries:
0x00007ff735d00000 - 0x00007ff735d10000 	C:\Program Files\Java\jdk-21\bin\java.exe
0x00007fffcc6f0000 - 0x00007fffcc906000 	C:\Windows\SYSTEM32\ntdll.dll
0x00007fffcaa50000 - 0x00007fffcab14000 	C:\Windows\System32\KERNEL32.DLL
0x00007fffca090000 - 0x00007fffca436000 	C:\Windows\System32\KERNELBASE.dll
0x00007fffc9ce0000 - 0x00007fffc9df1000 	C:\Windows\System32\ucrtbase.dll
0x00007fffb49b0000 - 0x00007fffb49cb000 	C:\Program Files\Java\jdk-21\bin\VCRUNTIME140.dll
0x00007fffa19e0000 - 0x00007fffa19f9000 	C:\Program Files\Java\jdk-21\bin\jli.dll
0x00007fffcaff0000 - 0x00007fffcb0a2000 	C:\Windows\System32\ADVAPI32.dll
0x00007fffca440000 - 0x00007fffca4e7000 	C:\Windows\System32\msvcrt.dll
0x00007fffcb170000 - 0x00007fffcb218000 	C:\Windows\System32\sechost.dll
0x00007fffc9cb0000 - 0x00007fffc9cd8000 	C:\Windows\System32\bcrypt.dll
0x00007fffca4f0000 - 0x00007fffca605000 	C:\Windows\System32\RPCRT4.dll
0x00007fffca820000 - 0x00007fffca9cd000 	C:\Windows\System32\USER32.dll
0x00007fffb2f50000 - 0x00007fffb31e3000 	C:\Windows\WinSxS\amd64_microsoft.windows.common-controls_6595b64144ccf1df_6.0.22621.3235_none_270f74e173860f98\COMCTL32.dll
0x00007fffc9c00000 - 0x00007fffc9c26000 	C:\Windows\System32\win32u.dll
0x00007fffcb940000 - 0x00007fffcb969000 	C:\Windows\System32\GDI32.dll
0x00007fffc9f70000 - 0x00007fffca088000 	C:\Windows\System32\gdi32full.dll
0x00007fffc9b60000 - 0x00007fffc9bfa000 	C:\Windows\System32\msvcp_win.dll
0x00007fffc0cd0000 - 0x00007fffc0cda000 	C:\Windows\SYSTEM32\VERSION.dll
0x00007fffcad40000 - 0x00007fffcad71000 	C:\Windows\System32\IMM32.DLL
0x00007fffc0760000 - 0x00007fffc076c000 	C:\Program Files\Java\jdk-21\bin\vcruntime140_1.dll
0x00007fff79330000 - 0x00007fff793be000 	C:\Program Files\Java\jdk-21\bin\msvcp140.dll
0x00007fff4a590000 - 0x00007fff4b2a7000 	C:\Program Files\Java\jdk-21\bin\server\jvm.dll
0x00007fffcae10000 - 0x00007fffcae81000 	C:\Windows\System32\WS2_32.dll
0x00007fffc9750000 - 0x00007fffc979d000 	C:\Windows\SYSTEM32\POWRPROF.dll
0x00007fffc00b0000 - 0x00007fffc00e4000 	C:\Windows\SYSTEM32\WINMM.dll
0x00007fffc9680000 - 0x00007fffc9693000 	C:\Windows\SYSTEM32\UMPDC.dll
0x00007fffc8a40000 - 0x00007fffc8a58000 	C:\Windows\SYSTEM32\kernel.appcore.dll
0x00007fffbc840000 - 0x00007fffbc84a000 	C:\Program Files\Java\jdk-21\bin\jimage.dll
0x00007fffbf790000 - 0x00007fffbf9c3000 	C:\Windows\SYSTEM32\DBGHELP.DLL
0x00007fffcc2c0000 - 0x00007fffcc648000 	C:\Windows\System32\combase.dll
0x00007fffcc1e0000 - 0x00007fffcc2b7000 	C:\Windows\System32\OLEAUT32.dll
0x00007fffbf750000 - 0x00007fffbf782000 	C:\Windows\SYSTEM32\dbgcore.DLL
0x00007fffc9c30000 - 0x00007fffc9caa000 	C:\Windows\System32\bcryptPrimitives.dll
0x00007fffaeb80000 - 0x00007fffaeb9f000 	C:\Program Files\Java\jdk-21\bin\java.dll

dbghelp: loaded successfully - version: 4.0.5 - missing functions: none
symbol engine: initialized successfully - sym options: 0x614 - pdb path: .;C:\Program Files\Java\jdk-21\bin;C:\Windows\SYSTEM32;C:\Windows\WinSxS\amd64_microsoft.windows.common-controls_6595b64144ccf1df_6.0.22621.3235_none_270f74e173860f98;C:\Program Files\Java\jdk-21\bin\server

VM Arguments:
jvm_args: -Dfile.encoding=UTF-8 --module-path=C:\Users\Dell G15\Desktop\JavaProject\ThaiTourismTrails_QuizAdventure\build\classes 
java_command: quiz.appication.Login
java_class_path (initial): C:\Users\Dell G15\Desktop\JavaProject\ThaiTourismTrails_QuizAdventure\build\classes
Launcher Type: SUN_STANDARD

[Global flags]
     intx CICompilerCount                          = 12                                        {product} {ergonomic}
     uint ConcGCThreads                            = 3                                         {product} {ergonomic}
     uint G1ConcRefinementThreads                  = 13                                        {product} {ergonomic}
   size_t G1HeapRegionSize                         = 2097152                                   {product} {ergonomic}
    uintx GCDrainStackTargetSize                   = 64                                        {product} {ergonomic}
   size_t InitialHeapSize                          = 255852544                                 {product} {ergonomic}
   size_t MarkStackSize                            = 4194304                                   {product} {ergonomic}
   size_t MaxHeapSize                              = 4091543552                                {product} {ergonomic}
   size_t MinHeapDeltaBytes                        = 2097152                                   {product} {ergonomic}
   size_t MinHeapSize                              = 8388608                                   {product} {ergonomic}
    uintx NonNMethodCodeHeapSize                   = 7602480                                {pd product} {ergonomic}
    uintx NonProfiledCodeHeapSize                  = 122027880                              {pd product} {ergonomic}
    uintx ProfiledCodeHeapSize                     = 122027880                              {pd product} {ergonomic}
    uintx ReservedCodeCacheSize                    = 251658240                              {pd product} {ergonomic}
     bool SegmentedCodeCache                       = true                                      {product} {ergonomic}
   size_t SoftMaxHeapSize                          = 4091543552                             {manageable} {ergonomic}
     bool UseCompressedOops                        = true                           {product lp64_product} {ergonomic}
     bool UseG1GC                                  = true                                      {product} {ergonomic}
     bool UseLargePagesIndividualAllocation        = false                                  {pd product} {ergonomic}

Logging:
Log output configuration:
 #0: stdout all=warning uptime,level,tags foldmultilines=false
 #1: stderr all=off uptime,level,tags foldmultilines=false

Environment Variables:
PATH=C:\Program Files\Common Files\Oracle\Java\javapath;C:\Program Files (x86)\Common Files\Oracle\Java\javapath;C:\Windows\system32;C:\Windows;C:\Windows\System32\Wbem;C:\Windows\System32\WindowsPowerShell\v1.0\;C:\Windows\System32\OpenSSH\;C:\Program Files\dotnet\;C:\Program Files (x86)\NVIDIA Corporation\PhysX\Common;C:\Program Files\NVIDIA Corporation\NVIDIA NvDLISR;C:\Program Files\Java\jdk-1.8\bin;C:\Users\Dell G15\AppData\Local\Microsoft\WindowsApps;C:\Users\Dell G15\AppData\Local\Programs\Microsoft VS Code\bin;C:\Users\Dell G15\AppData\Local\GitHubDesktop\bin;C:\MinGW\bin;C:\Program Files\JetBrains\IntelliJ IDEA 2023.3.2\bin;;C:\Program Files\Java\jdk-21\bin;
USERNAME=Dell G15
OS=Windows_NT
PROCESSOR_IDENTIFIER=AMD64 Family 25 Model 68 Stepping 1, AuthenticAMD
TMP=C:\Users\DELLG1~1\AppData\Local\Temp
TEMP=C:\Users\DELLG1~1\AppData\Local\Temp




Periodic native trim disabled

---------------  S Y S T E M  ---------------

OS:
 Windows 11 , 64 bit Build 22621 (10.0.22621.3235)
OS uptime: 3 days 22:52 hours
Hyper-V role detected

CPU: total 16 (initial active 16) (16 cores per cpu, 2 threads per core) family 25 model 68 stepping 1 microcode 0x0, cx8, cmov, fxsr, ht, mmx, 3dnowpref, sse, sse2, sse3, ssse3, sse4a, sse4.1, sse4.2, popcnt, lzcnt, tsc, tscinvbit, avx, avx2, aes, erms, clmul, bmi1, bmi2, adx, sha, fma, vzeroupper, clflush, clflushopt, hv, rdtscp, rdpid, fsrm, f16c, cet_ss
Processor Information for processor 0
  Max Mhz: 3201, Current Mhz: 1989, Mhz Limit: 3201
Processor Information for processor 1
  Max Mhz: 3201, Current Mhz: 3201, Mhz Limit: 3201
Processor Information for processor 2
  Max Mhz: 3201, Current Mhz: 1989, Mhz Limit: 3201
Processor Information for processor 3
  Max Mhz: 3201, Current Mhz: 3201, Mhz Limit: 3201
Processor Information for processor 4
  Max Mhz: 3201, Current Mhz: 1989, Mhz Limit: 3201
Processor Information for processor 5
  Max Mhz: 3201, Current Mhz: 1989, Mhz Limit: 3201
Processor Information for processor 6
  Max Mhz: 3201, Current Mhz: 1989, Mhz Limit: 3201
Processor Information for processor 7
  Max Mhz: 3201, Current Mhz: 3201, Mhz Limit: 3201
Processor Information for processor 8
  Max Mhz: 3201, Current Mhz: 1989, Mhz Limit: 3201
Processor Information for processor 9
  Max Mhz: 3201, Current Mhz: 1989, Mhz Limit: 3201
Processor Information for processor 10
  Max Mhz: 3201, Current Mhz: 1989, Mhz Limit: 3201
Processor Information for processor 11
  Max Mhz: 3201, Current Mhz: 1989, Mhz Limit: 3201
Processor Information for processor 12
  Max Mhz: 3201, Current Mhz: 1989, Mhz Limit: 3201
Processor Information for processor 13
  Max Mhz: 3201, Current Mhz: 1989, Mhz Limit: 3201
Processor Information for processor 14
  Max Mhz: 3201, Current Mhz: 1989, Mhz Limit: 3201
Processor Information for processor 15
  Max Mhz: 3201, Current Mhz: 1989, Mhz Limit: 3201

Memory: 4k page, system-wide physical 15603M (548M free)
TotalPageFile size 62707M (AvailPageFile size 235M)
current process WorkingSet (physical memory assigned to process): 11M, peak: 11M
current process commit charge ("private bytes"): 71M, peak: 314M

vm_info: Java HotSpot(TM) 64-Bit Server VM (21.0.2+13-LTS-58) for windows-amd64 JRE (21.0.2+13-LTS-58), built on 2024-01-05T18:32:24Z by "mach5one" with MS VC++ 17.1 (VS2022)

END.
